<?xml version="1.0" encoding="UTF-8"?>
<!-- Generated by org.testng.reporters.JUnitReportReporter -->
<testsuite skipped="0" hostname="LAPTOP-H5BJUJG2" name="testcases.MMT_Automation" tests="3" failures="0" timestamp="2020-06-09T21:20:24 IST" time="94.277" errors="0">
  <testcase name="bookflight" time="94.273" classname="testcases.MMT_Automation"/>
  <system-out/>
  <testcase name="afterTest" time="0.004" classname="testcases.MMT_Automation"/>
  <system-out/>
  <testcase name="finalTest" time="0.000" classname="testcases.MMT_Automation"/>
  <system-out/>
</testsuite> <!-- testcases.MMT_Automation -->
