<?xml version="1.0" encoding="UTF-8"?>
<!-- Generated by org.testng.reporters.JUnitReportReporter -->
<testsuite skipped="0" hostname="LAPTOP-H5BJUJG2" name="testcases.MMT_Automation" tests="3" failures="0" timestamp="2020-06-09T17:02:31 IST" time="93.551" errors="0">
  <testcase name="bookflight" time="93.530" classname="testcases.MMT_Automation"/>
  <system-out/>
  <testcase name="afterTest" time="0.020" classname="testcases.MMT_Automation"/>
  <system-out/>
  <testcase name="finalTest" time="0.001" classname="testcases.MMT_Automation"/>
  <system-out/>
</testsuite> <!-- testcases.MMT_Automation -->
